{"numFailedTestSuites":1,"numFailedTests":4,"numPassedTestSuites":0,"numPassedTests":0,"numPendingTestSuites":0,"numPendingTests":0,"numRuntimeErrorTestSuites":0,"numTodoTests":0,"numTotalTestSuites":1,"numTotalTests":4,"openHandles":[],"snapshot":{"added":0,"didUpdate":false,"failure":false,"filesAdded":0,"filesRemoved":0,"filesRemovedList":[],"filesUnmatched":0,"filesUpdated":0,"matched":0,"total":0,"unchecked":0,"uncheckedKeysByFile":[],"unmatched":0,"updated":0},"startTime":1784840256169,"success":false,"testResults":[{"assertionResults":[{"ancestorTitles":["admin feature-flags CRUD"],"duration":1,"failureDetails":[{"name":"TSError","diagnosticText":"\u001b[96msrc/routes/markets/index.ts\u001b[0m:\u001b[93m5\u001b[0m:\u001b[93m101\u001b[0m - \u001b[91merror\u001b[0m\u001b[90m TS2307: \u001b[0mCannot find module '../services/marketService' or its corresponding type declarations.\n\n\u001b[7m5\u001b[0m import { listMarkets, listUpcomingMarkets, getMarketById, updateMarket, VersionConflictError } from \"../services/marketService\";\n\u001b[7m \u001b[0m \u001b[91m                                                                                                    ~~~~~~~~~~~~~~~~~~~~~~~~~~~\u001b[0m\n\u001b[96msrc/routes/markets/index.ts\u001b[0m:\u001b[93m6\u001b[0m:\u001b[93m31\u001b[0m - \u001b[91merror\u001b[0m\u001b[90m TS2307: \u001b[0mCannot find module '../repositories/marketRepository' or its corresponding type declarations.\n\n\u001b[7m6\u001b[0m import { searchMarkets } from \"../repositories/marketRepository\";\n\u001b[7m \u001b[0m \u001b[91m                              ~~~~~~~~~~~~~~~~~~~~~~~~~~~~~~~~~~\u001b[0m\n\u001b[96msrc/routes/markets/index.ts\u001b[0m:\u001b[93m7\u001b[0m:\u001b[93m52\u001b[0m - \u001b[91merror\u001b[0m\u001b[90m TS2307: \u001b[0mCannot find module '../middleware/auth' or its corresponding type declarations.\n\n\u001b[7m7\u001b[0m import { requireAdmin, AuthenticatedRequest } from \"../middleware/auth\";\n\u001b[7m \u001b[0m \u001b[91m                                                   ~~~~~~~~~~~~~~~~~~~~\u001b[0m\n\u001b[96msrc/routes/markets/index.ts\u001b[0m:\u001b[93m8\u001b[0m:\u001b[93m31\u001b[0m - \u001b[91merror\u001b[0m\u001b[90m TS2307: \u001b[0mCannot find module '../middleware/rateLimitAnon' or its corresponding type declarations.\n\n\u001b[7m8\u001b[0m import { rateLimitAnon } from \"../middleware/rateLimitAnon\";\n\u001b[7m \u001b[0m \u001b[91m                              ~~~~~~~~~~~~~~~~~~~~~~~~~~~~~\u001b[0m\n\u001b[96msrc/routes/markets/index.ts\u001b[0m:\u001b[93m9\u001b[0m:\u001b[93m37\u001b[0m - \u001b[91merror\u001b[0m\u001b[90m TS2307: \u001b[0mCannot find module '../services/marketFeatureService' or its corresponding type declarations.\n\n\u001b[7m9\u001b[0m import { listFeaturedMarkets } from \"../services/marketFeatureService\";\n\u001b[7m \u001b[0m \u001b[91m                                    ~~~~~~~~~~~~~~~~~~~~~~~~~~~~~~~~~~\u001b[0m\n\u001b[96msrc/routes/markets/index.ts\u001b[0m:\u001b[93m12\u001b[0m:\u001b[93m1\u001b[0m - \u001b[91merror\u001b[0m\u001b[90m TS6133: \u001b[0m'recommendationsRouter' is declared but its value is never read.\n\n\u001b[7m12\u001b[0m import { recommendationsRouter } from \"./recommendations\";\n\u001b[7m  \u001b[0m \u001b[91m~~~~~~~~~~~~~~~~~~~~~~~~~~~~~~~~~~~~~~~~~~~~~~~~~~~~~~~~~~\u001b[0m\n\u001b[96msrc/routes/markets/index.ts\u001b[0m:\u001b[93m16\u001b[0m:\u001b[93m32\u001b[0m - \u001b[91merror\u001b[0m\u001b[90m TS2307: \u001b[0mCannot find module './disputes' or its corresponding type declarations.\n\n\u001b[7m16\u001b[0m import { disputesRouter } from \"./disputes\";\n\u001b[7m  \u001b[0m \u001b[91m                               ~~~~~~~~~~~~\u001b[0m\n\u001b[96msrc/routes/markets/index.ts\u001b[0m:\u001b[93m20\u001b[0m:\u001b[93m32\u001b[0m - \u001b[91merror\u001b[0m\u001b[90m TS2304: \u001b[0mCannot find name 'trendingRouter'.\n\n\u001b[7m20\u001b[0m marketsRouter.use(\"/trending\", trendingRouter);\n\u001b[7m  \u001b[0m \u001b[91m                               ~~~~~~~~~~~~~~\u001b[0m\n\u001b[96msrc/routes/markets/index.ts\u001b[0m:\u001b[93m23\u001b[0m:\u001b[93m33\u001b[0m - \u001b[91merror\u001b[0m\u001b[90m TS2552: \u001b[0mCannot find name 'marketAuditRouter'. Did you mean 'marketsRouter'?\n\n\u001b[7m23\u001b[0m marketsRouter.use(\"/:id/audit\", marketAuditRouter);\n\u001b[7m  \u001b[0m \u001b[91m                                ~~~~~~~~~~~~~~~~~\u001b[0m\n","diagnosticCodes":[2307,2307,2307,2307,2307,6133,2307,2304,2552]}],"failureMessages":[""],"fullName":"admin feature-flags CRUD rejects non-admin callers with 403","invocations":1,"location":null,"numPassingAsserts":0,"retryReasons":[],"status":"failed","title":"rejects non-admin callers with 403"},{"ancestorTitles":["admin feature-flags CRUD"],"duration":0,"failureDetails":[{"name":"TSError","diagnosticText":"\u001b[96msrc/routes/markets/index.ts\u001b[0m:\u001b[93m5\u001b[0m:\u001b[93m101\u001b[0m - \u001b[91merror\u001b[0m\u001b[90m TS2307: \u001b[0mCannot find module '../services/marketService' or its corresponding type declarations.\n\n\u001b[7m5\u001b[0m import { listMarkets, listUpcomingMarkets, getMarketById, updateMarket, VersionConflictError } from \"../services/marketService\";\n\u001b[7m \u001b[0m \u001b[91m                                                                                                    ~~~~~~~~~~~~~~~~~~~~~~~~~~~\u001b[0m\n\u001b[96msrc/routes/markets/index.ts\u001b[0m:\u001b[93m6\u001b[0m:\u001b[93m31\u001b[0m - \u001b[91merror\u001b[0m\u001b[90m TS2307: \u001b[0mCannot find module '../repositories/marketRepository' or its corresponding type declarations.\n\n\u001b[7m6\u001b[0m import { searchMarkets } from \"../repositories/marketRepository\";\n\u001b[7m \u001b[0m \u001b[91m                              ~~~~~~~~~~~~~~~~~~~~~~~~~~~~~~~~~~\u001b[0m\n\u001b[96msrc/routes/markets/index.ts\u001b[0m:\u001b[93m7\u001b[0m:\u001b[93m52\u001b[0m - \u001b[91merror\u001b[0m\u001b[90m TS2307: \u001b[0mCannot find module '../middleware/auth' or its corresponding type declarations.\n\n\u001b[7m7\u001b[0m import { requireAdmin, AuthenticatedRequest } from \"../middleware/auth\";\n\u001b[7m \u001b[0m \u001b[91m                                                   ~~~~~~~~~~~~~~~~~~~~\u001b[0m\n\u001b[96msrc/routes/markets/index.ts\u001b[0m:\u001b[93m8\u001b[0m:\u001b[93m31\u001b[0m - \u001b[91merror\u001b[0m\u001b[90m TS2307: \u001b[0mCannot find module '../middleware/rateLimitAnon' or its corresponding type declarations.\n\n\u001b[7m8\u001b[0m import { rateLimitAnon } from \"../middleware/rateLimitAnon\";\n\u001b[7m \u001b[0m \u001b[91m                              ~~~~~~~~~~~~~~~~~~~~~~~~~~~~~\u001b[0m\n\u001b[96msrc/routes/markets/index.ts\u001b[0m:\u001b[93m9\u001b[0m:\u001b[93m37\u001b[0m - \u001b[91merror\u001b[0m\u001b[90m TS2307: \u001b[0mCannot find module '../services/marketFeatureService' or its corresponding type declarations.\n\n\u001b[7m9\u001b[0m import { listFeaturedMarkets } from \"../services/marketFeatureService\";\n\u001b[7m \u001b[0m \u001b[91m                                    ~~~~~~~~~~~~~~~~~~~~~~~~~~~~~~~~~~\u001b[0m\n\u001b[96msrc/routes/markets/index.ts\u001b[0m:\u001b[93m12\u001b[0m:\u001b[93m1\u001b[0m - \u001b[91merror\u001b[0m\u001b[90m TS6133: \u001b[0m'recommendationsRouter' is declared but its value is never read.\n\n\u001b[7m12\u001b[0m import { recommendationsRouter } from \"./recommendations\";\n\u001b[7m  \u001b[0m \u001b[91m~~~~~~~~~~~~~~~~~~~~~~~~~~~~~~~~~~~~~~~~~~~~~~~~~~~~~~~~~~\u001b[0m\n\u001b[96msrc/routes/markets/index.ts\u001b[0m:\u001b[93m16\u001b[0m:\u001b[93m32\u001b[0m - \u001b[91merror\u001b[0m\u001b[90m TS2307: \u001b[0mCannot find module './disputes' or its corresponding type declarations.\n\n\u001b[7m16\u001b[0m import { disputesRouter } from \"./disputes\";\n\u001b[7m  \u001b[0m \u001b[91m                               ~~~~~~~~~~~~\u001b[0m\n\u001b[96msrc/routes/markets/index.ts\u001b[0m:\u001b[93m20\u001b[0m:\u001b[93m32\u001b[0m - \u001b[91merror\u001b[0m\u001b[90m TS2304: \u001b[0mCannot find name 'trendingRouter'.\n\n\u001b[7m20\u001b[0m marketsRouter.use(\"/trending\", trendingRouter);\n\u001b[7m  \u001b[0m \u001b[91m                               ~~~~~~~~~~~~~~\u001b[0m\n\u001b[96msrc/routes/markets/index.ts\u001b[0m:\u001b[93m23\u001b[0m:\u001b[93m33\u001b[0m - \u001b[91merror\u001b[0m\u001b[90m TS2552: \u001b[0mCannot find name 'marketAuditRouter'. Did you mean 'marketsRouter'?\n\n\u001b[7m23\u001b[0m marketsRouter.use(\"/:id/audit\", marketAuditRouter);\n\u001b[7m  \u001b[0m \u001b[91m                                ~~~~~~~~~~~~~~~~~\u001b[0m\n","diagnosticCodes":[2307,2307,2307,2307,2307,6133,2307,2304,2552]}],"failureMessages":[""],"fullName":"admin feature-flags CRUD is mounted in the application router","invocations":1,"location":null,"numPassingAsserts":0,"retryReasons":[],"status":"failed","title":"is mounted in the application router"},{"ancestorTitles":["admin feature-flags CRUD"],"duration":0,"failureDetails":[{"name":"TSError","diagnosticText":"\u001b[96msrc/routes/markets/index.ts\u001b[0m:\u001b[93m5\u001b[0m:\u001b[93m101\u001b[0m - \u001b[91merror\u001b[0m\u001b[90m TS2307: \u001b[0mCannot find module '../services/marketService' or its corresponding type declarations.\n\n\u001b[7m5\u001b[0m import { listMarkets, listUpcomingMarkets, getMarketById, updateMarket, VersionConflictError } from \"../services/marketService\";\n\u001b[7m \u001b[0m \u001b[91m                                                                                                    ~~~~~~~~~~~~~~~~~~~~~~~~~~~\u001b[0m\n\u001b[96msrc/routes/markets/index.ts\u001b[0m:\u001b[93m6\u001b[0m:\u001b[93m31\u001b[0m - \u001b[91merror\u001b[0m\u001b[90m TS2307: \u001b[0mCannot find module '../repositories/marketRepository' or its corresponding type declarations.\n\n\u001b[7m6\u001b[0m import { searchMarkets } from \"../repositories/marketRepository\";\n\u001b[7m \u001b[0m \u001b[91m                              ~~~~~~~~~~~~~~~~~~~~~~~~~~~~~~~~~~\u001b[0m\n\u001b[96msrc/routes/markets/index.ts\u001b[0m:\u001b[93m7\u001b[0m:\u001b[93m52\u001b[0m - \u001b[91merror\u001b[0m\u001b[90m TS2307: \u001b[0mCannot find module '../middleware/auth' or its corresponding type declarations.\n\n\u001b[7m7\u001b[0m import { requireAdmin, AuthenticatedRequest } from \"../middleware/auth\";\n\u001b[7m \u001b[0m \u001b[91m                                                   ~~~~~~~~~~~~~~~~~~~~\u001b[0m\n\u001b[96msrc/routes/markets/index.ts\u001b[0m:\u001b[93m8\u001b[0m:\u001b[93m31\u001b[0m - \u001b[91merror\u001b[0m\u001b[90m TS2307: \u001b[0mCannot find module '../middleware/rateLimitAnon' or its corresponding type declarations.\n\n\u001b[7m8\u001b[0m import { rateLimitAnon } from \"../middleware/rateLimitAnon\";\n\u001b[7m \u001b[0m \u001b[91m                              ~~~~~~~~~~~~~~~~~~~~~~~~~~~~~\u001b[0m\n\u001b[96msrc/routes/markets/index.ts\u001b[0m:\u001b[93m9\u001b[0m:\u001b[93m37\u001b[0m - \u001b[91merror\u001b[0m\u001b[90m TS2307: \u001b[0mCannot find module '../services/marketFeatureService' or its corresponding type declarations.\n\n\u001b[7m9\u001b[0m import { listFeaturedMarkets } from \"../services/marketFeatureService\";\n\u001b[7m \u001b[0m \u001b[91m                                    ~~~~~~~~~~~~~~~~~~~~~~~~~~~~~~~~~~\u001b[0m\n\u001b[96msrc/routes/markets/index.ts\u001b[0m:\u001b[93m12\u001b[0m:\u001b[93m1\u001b[0m - \u001b[91merror\u001b[0m\u001b[90m TS6133: \u001b[0m'recommendationsRouter' is declared but its value is never read.\n\n\u001b[7m12\u001b[0m import { recommendationsRouter } from \"./recommendations\";\n\u001b[7m  \u001b[0m \u001b[91m~~~~~~~~~~~~~~~~~~~~~~~~~~~~~~~~~~~~~~~~~~~~~~~~~~~~~~~~~~\u001b[0m\n\u001b[96msrc/routes/markets/index.ts\u001b[0m:\u001b[93m16\u001b[0m:\u001b[93m32\u001b[0m - \u001b[91merror\u001b[0m\u001b[90m TS2307: \u001b[0mCannot find module './disputes' or its corresponding type declarations.\n\n\u001b[7m16\u001b[0m import { disputesRouter } from \"./disputes\";\n\u001b[7m  \u001b[0m \u001b[91m                               ~~~~~~~~~~~~\u001b[0m\n\u001b[96msrc/routes/markets/index.ts\u001b[0m:\u001b[93m20\u001b[0m:\u001b[93m32\u001b[0m - \u001b[91merror\u001b[0m\u001b[90m TS2304: \u001b[0mCannot find name 'trendingRouter'.\n\n\u001b[7m20\u001b[0m marketsRouter.use(\"/trending\", trendingRouter);\n\u001b[7m  \u001b[0m \u001b[91m                               ~~~~~~~~~~~~~~\u001b[0m\n\u001b[96msrc/routes/markets/index.ts\u001b[0m:\u001b[93m23\u001b[0m:\u001b[93m33\u001b[0m - \u001b[91merror\u001b[0m\u001b[90m TS2552: \u001b[0mCannot find name 'marketAuditRouter'. Did you mean 'marketsRouter'?\n\n\u001b[7m23\u001b[0m marketsRouter.use(\"/:id/audit\", marketAuditRouter);\n\u001b[7m  \u001b[0m \u001b[91m                                ~~~~~~~~~~~~~~~~~\u001b[0m\n","diagnosticCodes":[2307,2307,2307,2307,2307,6133,2307,2304,2552]}],"failureMessages":[""],"fullName":"admin feature-flags CRUD creates, reads, lists, updates and deletes a flag","invocations":1,"location":null,"numPassingAsserts":0,"retryReasons":[],"status":"failed","title":"creates, reads, lists, updates and deletes a flag"},{"ancestorTitles":["admin feature-flags CRUD"],"duration":0,"failureDetails":[{"name":"TSError","diagnosticText":"\u001b[96msrc/routes/markets/index.ts\u001b[0m:\u001b[93m5\u001b[0m:\u001b[93m101\u001b[0m - \u001b[91merror\u001b[0m\u001b[90m TS2307: \u001b[0mCannot find module '../services/marketService' or its corresponding type declarations.\n\n\u001b[7m5\u001b[0m import { listMarkets, listUpcomingMarkets, getMarketById, updateMarket, VersionConflictError } from \"../services/marketService\";\n\u001b[7m \u001b[0m \u001b[91m                                                                                                    ~~~~~~~~~~~~~~~~~~~~~~~~~~~\u001b[0m\n\u001b[96msrc/routes/markets/index.ts\u001b[0m:\u001b[93m6\u001b[0m:\u001b[93m31\u001b[0m - \u001b[91merror\u001b[0m\u001b[90m TS2307: \u001b[0mCannot find module '../repositories/marketRepository' or its corresponding type declarations.\n\n\u001b[7m6\u001b[0m import { searchMarkets } from \"../repositories/marketRepository\";\n\u001b[7m \u001b[0m \u001b[91m                              ~~~~~~~~~~~~~~~~~~~~~~~~~~~~~~~~~~\u001b[0m\n\u001b[96msrc/routes/markets/index.ts\u001b[0m:\u001b[93m7\u001b[0m:\u001b[93m52\u001b[0m - \u001b[91merror\u001b[0m\u001b[90m TS2307: \u001b[0mCannot find module '../middleware/auth' or its corresponding type declarations.\n\n\u001b[7m7\u001b[0m import { requireAdmin, AuthenticatedRequest } from \"../middleware/auth\";\n\u001b[7m \u001b[0m \u001b[91m                                                   ~~~~~~~~~~~~~~~~~~~~\u001b[0m\n\u001b[96msrc/routes/markets/index.ts\u001b[0m:\u001b[93m8\u001b[0m:\u001b[93m31\u001b[0m - \u001b[91merror\u001b[0m\u001b[90m TS2307: \u001b[0mCannot find module '../middleware/rateLimitAnon' or its corresponding type declarations.\n\n\u001b[7m8\u001b[0m import { rateLimitAnon } from \"../middleware/rateLimitAnon\";\n\u001b[7m \u001b[0m \u001b[91m                              ~~~~~~~~~~~~~~~~~~~~~~~~~~~~~\u001b[0m\n\u001b[96msrc/routes/markets/index.ts\u001b[0m:\u001b[93m9\u001b[0m:\u001b[93m37\u001b[0m - \u001b[91merror\u001b[0m\u001b[90m TS2307: \u001b[0mCannot find module '../services/marketFeatureService' or its corresponding type declarations.\n\n\u001b[7m9\u001b[0m import { listFeaturedMarkets } from \"../services/marketFeatureService\";\n\u001b[7m \u001b[0m \u001b[91m                                    ~~~~~~~~~~~~~~~~~~~~~~~~~~~~~~~~~~\u001b[0m\n\u001b[96msrc/routes/markets/index.ts\u001b[0m:\u001b[93m12\u001b[0m:\u001b[93m1\u001b[0m - \u001b[91merror\u001b[0m\u001b[90m TS6133: \u001b[0m'recommendationsRouter' is declared but its value is never read.\n\n\u001b[7m12\u001b[0m import { recommendationsRouter } from \"./recommendations\";\n\u001b[7m  \u001b[0m \u001b[91m~~~~~~~~~~~~~~~~~~~~~~~~~~~~~~~~~~~~~~~~~~~~~~~~~~~~~~~~~~\u001b[0m\n\u001b[96msrc/routes/markets/index.ts\u001b[0m:\u001b[93m16\u001b[0m:\u001b[93m32\u001b[0m - \u001b[91merror\u001b[0m\u001b[90m TS2307: \u001b[0mCannot find module './disputes' or its corresponding type declarations.\n\n\u001b[7m16\u001b[0m import { disputesRouter } from \"./disputes\";\n\u001b[7m  \u001b[0m \u001b[91m                               ~~~~~~~~~~~~\u001b[0m\n\u001b[96msrc/routes/markets/index.ts\u001b[0m:\u001b[93m20\u001b[0m:\u001b[93m32\u001b[0m - \u001b[91merror\u001b[0m\u001b[90m TS2304: \u001b[0mCannot find name 'trendingRouter'.\n\n\u001b[7m20\u001b[0m marketsRouter.use(\"/trending\", trendingRouter);\n\u001b[7m  \u001b[0m \u001b[91m                               ~~~~~~~~~~~~~~\u001b[0m\n\u001b[96msrc/routes/markets/index.ts\u001b[0m:\u001b[93m23\u001b[0m:\u001b[93m33\u001b[0m - \u001b[91merror\u001b[0m\u001b[90m TS2552: \u001b[0mCannot find name 'marketAuditRouter'. Did you mean 'marketsRouter'?\n\n\u001b[7m23\u001b[0m marketsRouter.use(\"/:id/audit\", marketAuditRouter);\n\u001b[7m  \u001b[0m \u001b[91m                                ~~~~~~~~~~~~~~~~~\u001b[0m\n","diagnosticCodes":[2307,2307,2307,2307,2307,6133,2307,2304,2552]}],"failureMessages":[""],"fullName":"admin feature-flags CRUD returns 409 on duplicate key and 400 on invalid body","invocations":1,"location":null,"numPassingAsserts":0,"retryReasons":[],"status":"failed","title":"returns 409 on duplicate key and 400 on invalid body"}],"endTime":1784840262194,"message":"\u001b[1m\u001b[31m  \u001b[1m● \u001b[22m\u001b[1madmin feature-flags CRUD › rejects non-admin callers with 403\u001b[39m\u001b[22m\n\n\n\u001b[2m\u001b[22m\n\u001b[2m\u001b[22m\n\n\u001b[1m\u001b[31m  \u001b[1m● \u001b[22m\u001b[1madmin feature-flags CRUD › is mounted in the application router\u001b[39m\u001b[22m\n\n\n\u001b[2m\u001b[22m\n\u001b[2m\u001b[22m\n\n\u001b[1m\u001b[31m  \u001b[1m● \u001b[22m\u001b[1madmin feature-flags CRUD › creates, reads, lists, updates and deletes a flag\u001b[39m\u001b[22m\n\n\n\u001b[2m\u001b[22m\n\u001b[2m\u001b[22m\n\n\u001b[1m\u001b[31m  \u001b[1m● \u001b[22m\u001b[1madmin feature-flags CRUD › returns 409 on duplicate key and 400 on invalid body\u001b[39m\u001b[22m\n\n\n\u001b[2m\u001b[22m\n\u001b[2m\u001b[22m\n","name":"/workspaces/predictify-backend/tests/adminFeatureFlags.test.ts","startTime":1784840256460,"status":"failed","summary":""}],"wasInterrupted":false}
